<?xml version="1.0" encoding="UTF-8"?>
<!-- Generated by org.testng.reporters.JUnitReportReporter -->
<testsuite hostname="TamsilAhmed" failures="0" tests="1" name="test.CreateLoanTestCase" time="22.830" errors="0" timestamp="2024-02-21T15:28:34 IST" skipped="0">
  <testcase classname="test.CreateLoanTestCase" name="TestCase2" time="22.830"/>
</testsuite> <!-- test.CreateLoanTestCase -->
