<?xml version="1.0" encoding="UTF-8"?>
<!-- Generated by org.testng.reporters.JUnitReportReporter -->
<testsuite hostname="TamsilAhmed" failures="0" tests="1" name="test.LoginTestcase" time="7.763" errors="0" timestamp="2024-02-21T14:36:15 IST" skipped="0">
  <testcase classname="test.LoginTestcase" name="NegativeTest" time="7.763"/>
</testsuite> <!-- test.LoginTestcase -->
